# JRE version: Java(TM) SE Runtime Environment (7.0_51-b13) (build 1.7.0_51-b13)
# Java VM: Java HotSpot(TM) Client VM (24.51-b03 mixed mode, sharing windows-x86 )
Heap
 def new generation   total 8576K, used 3497K [0x241d0000, 0x24b10000, 0x29720000)
  eden space 7680K,  33% used [0x241d0000, 0x2445a628, 0x24950000)
  from space 896K, 100% used [0x24950000, 0x24a30000, 0x24a30000)
  to   space 896K,   0% used [0x24a30000, 0x24a30000, 0x24b10000)
 tenured generation   total 18928K, used 12916K [0x29720000, 0x2a99c000, 0x341d0000)
   the space 18928K,  68% used [0x29720000, 0x2a3bd1f8, 0x2a3bd200, 0x2a99c000)
 compacting perm gen  total 12288K, used 7441K [0x341d0000, 0x34dd0000, 0x381d0000)
   the space 12288K,  60% used [0x341d0000, 0x349145a8, 0x34914600, 0x34dd0000)
    ro space 10240K,  44% used [0x381d0000, 0x38647e30, 0x38648000, 0x38bd0000)
    rw space 12288K,  52% used [0x38bd0000, 0x3921eb58, 0x3921ec00, 0x397d0000)
GC Heap History (10 events):
Event: 2.820 GC heap before
{Heap before GC invocations=34 (full 2):
 def new generation   total 8576K, used 8175K [0x241d0000, 0x24b10000, 0x29720000)
  eden space 7680K, 100% used [0x241d0000, 0x24950000, 0x24950000)
  from space 896K,  55% used [0x24a30000, 0x24aabcd8, 0x24b10000)
  to   space 896K,   0% used [0x24950000, 0x24950000, 0x24a30000)
 tenured generation   total 18928K, used 11356K [0x29720000, 0x2a99c000, 0x341d0000)
   the space 18928K,  59% used [0x29720000, 0x2a237328, 0x2a237400, 0x2a99c000)
 compacting perm gen  total 12288K, used 6880K [0x341d0000, 0x34dd0000, 0x381d0000)
   the space 12288K,  55% used [0x341d0000, 0x34888250, 0x34888400, 0x34dd0000)
    ro space 10240K,  44% used [0x381d0000, 0x38647e30, 0x38648000, 0x38bd0000)
    rw space 12288K,  52% used [0x38bd0000, 0x3921eb58, 0x3921ec00, 0x397d0000)
Event: 2.822 GC heap after
Heap after GC invocations=35 (full 2):
 def new generation   total 8576K, used 664K [0x241d0000, 0x24b10000, 0x29720000)
  eden space 7680K,   0% used [0x241d0000, 0x241d0000, 0x24950000)
  from space 896K,  74% used [0x24950000, 0x249f63b0, 0x24a30000)
  to   space 896K,   0% used [0x24a30000, 0x24a30000, 0x24b10000)
 tenured generation   total 18928K, used 11673K [0x29720000, 0x2a99c000, 0x341d0000)
   the space 18928K,  61% used [0x29720000, 0x2a286558, 0x2a286600, 0x2a99c000)
 compacting perm gen  total 12288K, used 6880K [0x341d0000, 0x34dd0000, 0x381d0000)
   the space 12288K,  55% used [0x341d0000, 0x34888250, 0x34888400, 0x34dd0000)
    ro space 10240K,  44% used [0x381d0000, 0x38647e30, 0x38648000, 0x38bd0000)
    rw space 12288K,  52% used [0x38bd0000, 0x3921eb58, 0x3921ec00, 0x397d0000)
}
Event: 2.951 GC heap before
{Heap before GC invocations=35 (full 2):
 def new generation   total 8576K, used 8344K [0x241d0000, 0x24b10000, 0x29720000)
  eden space 7680K, 100% used [0x241d0000, 0x24950000, 0x24950000)
  from space 896K,  74% used [0x24950000, 0x249f63b0, 0x24a30000)
  to   space 896K,   0% used [0x24a30000, 0x24a30000, 0x24b10000)
 tenured generation   total 18928K, used 11673K [0x29720000, 0x2a99c000, 0x341d0000)
   the space 18928K,  61% used [0x29720000, 0x2a286558, 0x2a286600, 0x2a99c000)
 compacting perm gen  total 12288K, used 7245K [0x341d0000, 0x34dd0000, 0x381d0000)
   the space 12288K,  58% used [0x341d0000, 0x348e3588, 0x348e3600, 0x34dd0000)
    ro space 10240K,  44% used [0x381d0000, 0x38647e30, 0x38648000, 0x38bd0000)
    rw space 12288K,  52% used [0x38bd0000, 0x3921eb58, 0x3921ec00, 0x397d0000)
Event: 2.954 GC heap after
Heap after GC invocations=36 (full 2):
 def new generation   total 8576K, used 896K [0x241d0000, 0x24b10000, 0x29720000)
  eden space 7680K,   0% used [0x241d0000, 0x241d0000, 0x24950000)
  from space 896K, 100% used [0x24a30000, 0x24b10000, 0x24b10000)
  to   space 896K,   0% used [0x24950000, 0x24950000, 0x24a30000)
 tenured generation   total 18928K, used 12105K [0x29720000, 0x2a99c000, 0x341d0000)
   the space 18928K,  63% used [0x29720000, 0x2a2f2408, 0x2a2f2600, 0x2a99c000)
 compacting perm gen  total 12288K, used 7245K [0x341d0000, 0x34dd0000, 0x381d0000)
   the space 12288K,  58% used [0x341d0000, 0x348e3588, 0x348e3600, 0x34dd0000)
    ro space 10240K,  44% used [0x381d0000, 0x38647e30, 0x38648000, 0x38bd0000)
    rw space 12288K,  52% used [0x38bd0000, 0x3921eb58, 0x3921ec00, 0x397d0000)
}
Event: 3.029 GC heap before
{Heap before GC invocations=36 (full 2):
 def new generation   total 8576K, used 8576K [0x241d0000, 0x24b10000, 0x29720000)
  eden space 7680K, 100% used [0x241d0000, 0x24950000, 0x24950000)
  from space 896K, 100% used [0x24a30000, 0x24b10000, 0x24b10000)
  to   space 896K,   0% used [0x24950000, 0x24950000, 0x24a30000)
 tenured generation   total 18928K, used 12105K [0x29720000, 0x2a99c000, 0x341d0000)
   the space 18928K,  63% used [0x29720000, 0x2a2f2408, 0x2a2f2600, 0x2a99c000)
 compacting perm gen  total 12288K, used 7245K [0x341d0000, 0x34dd0000, 0x381d0000)
   the space 12288K,  58% used [0x341d0000, 0x348e3598, 0x348e3600, 0x34dd0000)
    ro space 10240K,  44% used [0x381d0000, 0x38647e30, 0x38648000, 0x38bd0000)
    rw space 12288K,  52% used [0x38bd0000, 0x3921eb58, 0x3921ec00, 0x397d0000)
Event: 3.034 GC heap after
Heap after GC invocations=37 (full 2):
 def new generation   total 8576K, used 486K [0x241d0000, 0x24b10000, 0x29720000)
  eden space 7680K,   0% used [0x241d0000, 0x241d0000, 0x24950000)
  from space 896K,  54% used [0x24950000, 0x249c9a18, 0x24a30000)
  to   space 896K,   0% used [0x24a30000, 0x24a30000, 0x24b10000)
 tenured generation   total 18928K, used 12486K [0x29720000, 0x2a99c000, 0x341d0000)
   the space 18928K,  65% used [0x29720000, 0x2a351a70, 0x2a351c00, 0x2a99c000)
 compacting perm gen  total 12288K, used 7245K [0x341d0000, 0x34dd0000, 0x381d0000)
   the space 12288K,  58% used [0x341d0000, 0x348e3598, 0x348e3600, 0x34dd0000)
    ro space 10240K,  44% used [0x381d0000, 0x38647e30, 0x38648000, 0x38bd0000)
    rw space 12288K,  52% used [0x38bd0000, 0x3921eb58, 0x3921ec00, 0x397d0000)
}
Event: 3.103 GC heap before
{Heap before GC invocations=37 (full 2):
 def new generation   total 8576K, used 8166K [0x241d0000, 0x24b10000, 0x29720000)
  eden space 7680K, 100% used [0x241d0000, 0x24950000, 0x24950000)
  from space 896K,  54% used [0x24950000, 0x249c9a18, 0x24a30000)
  to   space 896K,   0% used [0x24a30000, 0x24a30000, 0x24b10000)
 tenured generation   total 18928K, used 12486K [0x29720000, 0x2a99c000, 0x341d0000)
   the space 18928K,  65% used [0x29720000, 0x2a351a70, 0x2a351c00, 0x2a99c000)
 compacting perm gen  total 12288K, used 7245K [0x341d0000, 0x34dd0000, 0x381d0000)
   the space 12288K,  58% used [0x341d0000, 0x348e35a8, 0x348e3600, 0x34dd0000)
    ro space 10240K,  44% used [0x381d0000, 0x38647e30, 0x38648000, 0x38bd0000)
    rw space 12288K,  52% used [0x38bd0000, 0x3921eb58, 0x3921ec00, 0x397d0000)
Event: 3.106 GC heap after
Heap after GC invocations=38 (full 2):
 def new generation   total 8576K, used 354K [0x241d0000, 0x24b10000, 0x29720000)
  eden space 7680K,   0% used [0x241d0000, 0x241d0000, 0x24950000)
  from space 896K,  39% used [0x24a30000, 0x24a88930, 0x24b10000)
  to   space 896K,   0% used [0x24950000, 0x24950000, 0x24a30000)
 tenured generation   total 18928K, used 12845K [0x29720000, 0x2a99c000, 0x341d0000)
   the space 18928K,  67% used [0x29720000, 0x2a3ab608, 0x2a3ab800, 0x2a99c000)
 compacting perm gen  total 12288K, used 7245K [0x341d0000, 0x34dd0000, 0x381d0000)
   the space 12288K,  58% used [0x341d0000, 0x348e35a8, 0x348e3600, 0x34dd0000)
    ro space 10240K,  44% used [0x381d0000, 0x38647e30, 0x38648000, 0x38bd0000)
    rw space 12288K,  52% used [0x38bd0000, 0x3921eb58, 0x3921ec00, 0x397d0000)
}
Event: 3.206 GC heap before
{Heap before GC invocations=38 (full 2):
 def new generation   total 8576K, used 8034K [0x241d0000, 0x24b10000, 0x29720000)
  eden space 7680K, 100% used [0x241d0000, 0x24950000, 0x24950000)
  from space 896K,  39% used [0x24a30000, 0x24a88930, 0x24b10000)
  to   space 896K,   0% used [0x24950000, 0x24950000, 0x24a30000)
 tenured generation   total 18928K, used 12845K [0x29720000, 0x2a99c000, 0x341d0000)
   the space 18928K,  67% used [0x29720000, 0x2a3ab608, 0x2a3ab800, 0x2a99c000)
 compacting perm gen  total 12288K, used 7293K [0x341d0000, 0x34dd0000, 0x381d0000)
   the space 12288K,  59% used [0x341d0000, 0x348ef728, 0x348ef800, 0x34dd0000)
    ro space 10240K,  44% used [0x381d0000, 0x38647e30, 0x38648000, 0x38bd0000)
    rw space 12288K,  52% used [0x38bd0000, 0x3921eb58, 0x3921ec00, 0x397d0000)
Event: 3.209 GC heap after
Heap after GC invocations=39 (full 2):
 def new generation   total 8576K, used 896K [0x241d0000, 0x24b10000, 0x29720000)
  eden space 7680K,   0% used [0x241d0000, 0x241d0000, 0x24950000)
  from space 896K, 100% used [0x24950000, 0x24a30000, 0x24a30000)
  to   space 896K,   0% used [0x24a30000, 0x24a30000, 0x24b10000)
 tenured generation   total 18928K, used 12916K [0x29720000, 0x2a99c000, 0x341d0000)
   the space 18928K,  68% used [0x29720000, 0x2a3bd1f8, 0x2a3bd200, 0x2a99c000)
 compacting perm gen  total 12288K, used 7293K [0x341d0000, 0x34dd0000, 0x381d0000)
   the space 12288K,  59% used [0x341d0000, 0x348ef728, 0x348ef800, 0x34dd0000)
    ro space 10240K,  44% used [0x381d0000, 0x38647e30, 0x38648000, 0x38bd0000)
    rw space 12288K,  52% used [0x38bd0000, 0x3921eb58, 0x3921ec00, 0x397d0000)
}

